\BOOKMARK [1][-]{section*.1}{\376\377\000L\000i\000s\000t\001\003\000\040\000d\000e\000\040\000f\000i\000g\000u\000r\000i}{}% 1
\BOOKMARK [1][-]{section*.2}{\376\377\000L\000i\000s\000t\001\003\000\040\000d\000e\000\040\000t\000a\000b\000e\000l\000e}{}% 2
\BOOKMARK [1][-]{section*.3}{\376\377\000L\000i\000s\000t\001\003\000\040\000d\000e\000\040\000a\000b\000r\000e\000v\000i\000e\000r\000i}{}% 3
\BOOKMARK [1][-]{section.1}{\376\377\000I\000n\000t\000r\000o\000d\000u\000c\000e\000r\000e}{}% 4
\BOOKMARK [2][-]{subsection.1.1}{\376\377\000C\000o\000n\000t\000e\000x\000t\000\040\000a\000c\000t\000u\000a\000l}{section.1}% 5
\BOOKMARK [2][-]{subsection.1.2}{\376\377\000M\000o\000t\000i\000v\000a\002\033\000i\000a\000\040\000a\000l\000e\000g\000e\000r\000i\000i\000\040\000t\000e\000m\000e\000i}{section.1}% 6
\BOOKMARK [2][-]{subsection.1.3}{\376\377\000S\000c\000o\000p\000u\000l\000\040\000l\000u\000c\000r\001\003\000r\000i\000i}{section.1}% 7
\BOOKMARK [2][-]{subsection.1.4}{\376\377\000O\000b\000i\000e\000c\000t\000i\000v\000e}{section.1}% 8
\BOOKMARK [2][-]{subsection.1.5}{\376\377\000C\000o\000n\000t\000r\000i\000b\000u\002\033\000i\000i\000\040\000p\000e\000r\000s\000o\000n\000a\000l\000e}{section.1}% 9
\BOOKMARK [2][-]{subsection.1.6}{\376\377\000S\000t\000r\000u\000c\000t\000u\000r\000a\000\040\000l\000u\000c\000r\001\003\000r\000i\000i}{section.1}% 10
\BOOKMARK [1][-]{section.2}{\376\377\000F\000u\000n\000d\000a\000m\000e\000n\000t\000e\000\040\000t\000e\000o\000r\000e\000t\000i\000c\000e\000\040\002\031\000i\000\040\000t\000e\000h\000n\000o\000l\000o\000g\000i\000i}{}% 11
\BOOKMARK [2][-]{subsection.2.1}{\376\377\000I\000n\000t\000e\000r\000n\000e\000t\000\040\000o\000f\000\040\000T\000h\000i\000n\000g\000s}{section.2}% 12
\BOOKMARK [2][-]{subsection.2.2}{\376\377\000S\000e\000n\000z\000o\000r\000i\000\040\002\031\000i\000\040\000d\000i\000s\000p\000o\000z\000i\000t\000i\000v\000e}{section.2}% 13
\BOOKMARK [3][-]{subsubsection.2.2.1}{\376\377\000M\000i\000c\000r\000o\000c\000o\000n\000t\000r\000o\000l\000l\000e\000r\000u\000l\000\040\000E\000S\000P\0003\0002\000-\000C\0003\000\040\000M\000i\000n\000i}{subsection.2.2}% 14
\BOOKMARK [3][-]{subsubsection.2.2.2}{\376\377\000S\000e\000n\000z\000o\000r\000u\000l\000\040\000M\000A\000X\0003\0000\0001\0000\0000\000\040\000p\000e\000n\000t\000r\000u\000\040\000p\000u\000l\000s\000\040\002\031\000i\000\040\000s\000a\000t\000u\000r\000a\002\033\000i\000e\000\040\000d\000e\000\040\000o\000x\000i\000g\000e\000n}{subsection.2.2}% 15
\BOOKMARK [3][-]{subsubsection.2.2.3}{\376\377\000S\000e\000n\000z\000o\000r\000u\000l\000\040\000G\000Y\000-\0009\0000\0006\000\040\000M\000L\000X\0009\0000\0006\0001\0004\000\040\000p\000e\000n\000t\000r\000u\000\040\000t\000e\000m\000p\000e\000r\000a\000t\000u\000r\000a\000\040\000c\000o\000r\000p\000o\000r\000a\000l\001\003}{subsection.2.2}% 16
\BOOKMARK [3][-]{subsubsection.2.2.4}{\376\377\000S\000e\000n\000z\000o\000r\000u\000l\000\040\000M\000P\000U\0006\0000\0005\0000\000\040\000p\000e\000n\000t\000r\000u\000\040\000m\000i\002\031\000c\000a\000r\000e\000\040\002\031\000i\000\040\000a\000c\000c\000e\000l\000e\000r\000a\002\033\000i\000e}{subsection.2.2}% 17
\BOOKMARK [3][-]{subsubsection.2.2.5}{\376\377\000M\000o\000d\000u\000l\000u\000l\000\040\000G\000P\000S\000\040\000N\000E\000O\000-\0006\000M}{subsection.2.2}% 18
\BOOKMARK [3][-]{subsubsection.2.2.6}{\376\377\000M\000u\000l\000t\000i\000p\000l\000e\000x\000o\000r\000u\000l\000\040\000I\0002\000C\000\040\000T\000C\000A\0009\0005\0004\0008\000A}{subsection.2.2}% 19
\BOOKMARK [3][-]{subsubsection.2.2.7}{\376\377\000S\000i\000s\000t\000e\000m\000u\000l\000\040\000d\000e\000\040\000a\000l\000i\000m\000e\000n\000t\000a\000r\000e}{subsection.2.2}% 20
\BOOKMARK [3][-]{subsubsection.2.2.8}{\376\377\000I\000n\000t\000e\000r\000f\000a\002\033\000a\000\040\000u\000t\000i\000l\000i\000z\000a\000t\000o\000r\000\040\000p\000e\000\040\000d\000i\000s\000p\000o\000z\000i\000t\000i\000v}{subsection.2.2}% 21
\BOOKMARK [2][-]{subsection.2.3}{\376\377\000P\000r\000e\000l\000u\000c\000r\000a\000r\000e\000a\000\040\000d\000a\000t\000e\000l\000o\000r\000\040\002\031\000i\000\040\000i\000n\000t\000e\000l\000i\000g\000e\000n\002\033\001\003\000\040\000a\000r\000t\000i\000f\000i\000c\000i\000a\000l\001\003}{section.2}% 22
\BOOKMARK [3][-]{subsubsection.2.3.1}{\376\377\000\316\000n\000v\001\003\002\033\000a\000r\000e\000a\000\040\000a\000u\000t\000o\000m\000a\000t\001\003\000\040\002\031\000i\000\040\000p\000r\000o\000b\000l\000e\000m\000a\000\040\000d\000e\000\040\000c\000l\000a\000s\000i\000f\000i\000c\000a\000r\000e}{subsection.2.3}% 23
\BOOKMARK [3][-]{subsubsection.2.3.2}{\376\377\000D\000a\000t\000e\000l\000e\000\040\000d\000e\000\040\000a\000n\000t\000r\000e\000n\000a\000r\000e\000\040\002\031\000i\000\040\000p\000r\000e\000g\001\003\000t\000i\000r\000e\000a\000\040\000l\000o\000r}{subsection.2.3}% 24
\BOOKMARK [3][-]{subsubsection.2.3.3}{\376\377\000S\000i\000s\000t\000e\000m\000u\000l\000\040\000h\000i\000b\000r\000i\000d\000\040\000d\000e\000\040\000d\000e\000c\000i\000z\000i\000e}{subsection.2.3}% 25
\BOOKMARK [3][-]{subsubsection.2.3.4}{\376\377\000E\000x\000p\000l\000i\000c\000a\000b\000i\000l\000i\000t\000a\000t\000e\000a\000\040\002\031\000i\000\040\000e\000v\000a\000l\000u\000a\000r\000e\000a\000\040\000m\000o\000d\000e\000l\000u\000l\000u\000i}{subsection.2.3}% 26
\BOOKMARK [3][-]{subsubsection.2.3.5}{\376\377\000C\000l\000a\000s\000i\000f\000i\000c\000a\000r\000e\000a\000\040\000a\000c\000t\000i\000v\000i\000t\001\003\002\033\000i\000i\000\040\002\031\000i\000\040\000a\000r\000h\000i\000t\000e\000c\000t\000u\000r\000a\000\040\000d\000e\000\040\000t\000i\000p\000\040\000m\000i\000c\000r\000o\000s\000e\000r\000v\000i\000c\000i\000u}{subsection.2.3}% 27
\BOOKMARK [2][-]{subsection.2.4}{\376\377\000S\000i\000s\000t\000e\000m\000e\000\040\000d\000e\000\040\000a\000l\000e\000r\000t\000a\000r\000e}{section.2}% 28
\BOOKMARK [3][-]{subsubsection.2.4.1}{\376\377\000F\000i\000a\000b\000i\000l\000i\000t\000a\000t\000e\000\040\002\031\000i\000\040\000p\000r\000o\000b\000l\000e\000m\000a\000\040\000a\000l\000e\000r\000t\000e\000l\000o\000r\000\040\000f\000a\000l\000s\000e}{subsection.2.4}% 29
\BOOKMARK [3][-]{subsubsection.2.4.2}{\376\377\000A\000l\000e\000r\000t\000a\000r\000e\000a\000\040\000m\000u\000l\000t\000i\000-\000c\000a\000n\000a\000l}{subsection.2.4}% 30
\BOOKMARK [2][-]{subsection.2.5}{\376\377\000T\000e\000h\000n\000o\000l\000o\000g\000i\000i\000\040\000u\000t\000i\000l\000i\000z\000a\000t\000e\000\040\000\050\000b\000a\000c\000k\000e\000n\000d\000,\000\040\000f\000r\000o\000n\000t\000e\000n\000d\000,\000\040\000D\000o\000c\000k\000e\000r\000\040\000e\000t\000c\000.\000\051}{section.2}% 31
\BOOKMARK [3][-]{subsubsection.2.5.1}{\376\377\000B\000a\000c\000k\000e\000n\000d\000-\000u\000l\000\040\000a\000p\000l\000i\000c\000a\002\033\000i\000e\000i}{subsection.2.5}% 32
\BOOKMARK [3][-]{subsubsection.2.5.2}{\376\377\000S\000e\000c\000u\000r\000i\000t\000a\000t\000e\000a}{subsection.2.5}% 33
\BOOKMARK [3][-]{subsubsection.2.5.3}{\376\377\000C\000o\000m\000u\000n\000i\000c\000a\000r\000e\000a\000\040\000\356\000n\000\040\000t\000i\000m\000p\000\040\000r\000e\000a\000l}{subsection.2.5}% 34
\BOOKMARK [3][-]{subsubsection.2.5.4}{\376\377\000F\000r\000o\000n\000t\000e\000n\000d\000-\000u\000l\000\040\000a\000p\000l\000i\000c\000a\002\033\000i\000e\000i}{subsection.2.5}% 35
\BOOKMARK [3][-]{subsubsection.2.5.5}{\376\377\000C\000o\000n\000t\000a\000i\000n\000e\000r\000i\000z\000a\000r\000e\000a\000\040\002\031\000i\000\040\000i\000m\000p\000l\000e\000m\000e\000n\000t\000a\000r\000e\000a}{subsection.2.5}% 36
\BOOKMARK [1][-]{section.3}{\376\377\000A\000n\000a\000l\000i\000z\000a\000\040\000s\000o\000l\000u\002\033\000i\000i\000l\000o\000r\000\040\000e\000x\000i\000s\000t\000e\000n\000t\000e}{}% 37
\BOOKMARK [2][-]{subsection.3.1}{\376\377\000P\000r\000e\000z\000e\000n\000t\000a\000r\000e\000a\000\040\000s\000o\000l\000u\002\033\000i\000i\000l\000o\000r\000\040\000a\000c\000t\000u\000a\000l\000e}{section.3}% 38
\BOOKMARK [3][-]{subsubsection.3.1.1}{\376\377\000F\000i\000t\000b\000i\000t\000\040\000S\000e\000n\000s\000e\000\040\0002\000\040\000/\000\040\000G\000o\000o\000g\000l\000e\000\040\000P\000i\000x\000e\000l\000\040\000W\000a\000t\000c\000h}{subsection.3.1}% 39
\BOOKMARK [3][-]{subsubsection.3.1.2}{\376\377\000A\000p\000p\000l\000e\000\040\000W\000a\000t\000c\000h\000\040\000\050\000S\000e\000r\000i\000e\000s\000\040\0009\000\040\000/\000\040\000U\000l\000t\000r\000a\000\040\0002\000\051}{subsection.3.1}% 40
\BOOKMARK [3][-]{subsubsection.3.1.3}{\376\377\000P\000h\000i\000l\000i\000p\000s\000\040\000L\000i\000f\000e\000l\000i\000n\000e\000\040\000/\000\040\000M\000e\000d\000i\000c\000a\000l\000\040\000G\000u\000a\000r\000d\000i\000a\000n}{subsection.3.1}% 41
\BOOKMARK [3][-]{subsubsection.3.1.4}{\376\377\000W\000i\000t\000h\000i\000n\000g\000s\000\040\000S\000c\000a\000n\000W\000a\000t\000c\000h}{subsection.3.1}% 42
\BOOKMARK [3][-]{subsubsection.3.1.5}{\376\377\000S\000o\000l\000u\002\033\000i\000i\000\040\000a\000c\000a\000d\000e\000m\000i\000c\000e\000\040\002\031\000i\000\040\000d\000e\000\040\000c\000e\000r\000c\000e\000t\000a\000r\000e}{subsection.3.1}% 43
\BOOKMARK [2][-]{subsection.3.2}{\376\377\000L\000i\000m\000i\000t\001\003\000r\000i\000\040\000i\000d\000e\000n\000t\000i\000f\000i\000c\000a\000t\000e}{section.3}% 44
\BOOKMARK [3][-]{subsubsection.3.2.1}{\376\377\000I\000n\000a\000d\000e\000c\000v\000a\000r\000e\000a\000\040\000p\000e\000n\000t\000r\000u\000\040\000u\000t\000i\000l\000i\000z\000a\000t\000o\000r\000i\000i\000\040\000v\000\342\000r\000s\000t\000n\000i\000c\000i}{subsection.3.2}% 45
\BOOKMARK [3][-]{subsubsection.3.2.2}{\376\377\000L\000i\000p\000s\000a\000\040\000m\000o\000n\000i\000t\000o\000r\000i\000z\001\003\000r\000i\000i\000\040\000c\000o\000n\000t\000i\000n\000u\000e\000\040\002\031\000i\000\040\000a\000\040\000a\000l\000e\000r\000t\001\003\000r\000i\000i\000\040\000i\000n\000t\000e\000l\000i\000g\000e\000n\000t\000e}{subsection.3.2}% 46
\BOOKMARK [3][-]{subsubsection.3.2.3}{\376\377\000P\000l\000a\000t\000f\000o\000r\000m\000e\000\040\000\356\000n\000c\000h\000i\000s\000e\000\040\002\031\000i\000\040\000l\000i\000p\000s\000a\000\040\000p\000e\000r\000s\000o\000n\000a\000l\000i\000z\001\003\000r\000i\000i}{subsection.3.2}% 47
\BOOKMARK [3][-]{subsubsection.3.2.4}{\376\377\000C\000o\000s\000t\000u\000l\000\040\002\031\000i\000\040\000d\000e\000p\000e\000n\000d\000e\000n\002\033\000a\000\040\000d\000e\000\040\000a\000b\000o\000n\000a\000m\000e\000n\000t\000e}{subsection.3.2}% 48
\BOOKMARK [3][-]{subsubsection.3.2.5}{\376\377\000L\000i\000m\000i\000t\001\003\000r\000i\000\040\000a\000l\000e\000\040\000s\000o\000l\000u\002\033\000i\000i\000l\000o\000r\000\040\000a\000c\000a\000d\000e\000m\000i\000c\000e}{subsection.3.2}% 49
\BOOKMARK [2][-]{subsection.3.3}{\376\377\000P\000o\000z\000i\002\033\000i\000o\000n\000a\000r\000e\000a\000\040\000s\000o\000l\000u\002\033\000i\000e\000i\000\040\000p\000r\000o\000p\000u\000s\000e}{section.3}% 50
\BOOKMARK [1][-]{section.4}{\376\377\000P\000r\000o\000i\000e\000c\000t\000a\000r\000e\000a\000\040\000s\000i\000s\000t\000e\000m\000u\000l\000u\000i}{}% 51
\BOOKMARK [2][-]{subsection.4.1}{\376\377\000A\000r\000h\000i\000t\000e\000c\000t\000u\000r\000a\000\040\000g\000e\000n\000e\000r\000a\000l\001\003}{section.4}% 52
\BOOKMARK [3][-]{subsubsection.4.1.1}{\376\377\000S\000e\000p\000a\000r\000a\000r\000e\000a\000\040\000\356\000n\000\040\000s\000t\000r\000a\000t\000u\000r\000i\000\040\000a\000\040\000a\000p\000l\000i\000c\000a\002\033\000i\000e\000i\000\040\000s\000o\000f\000t\000w\000a\000r\000e}{subsection.4.1}% 53
\BOOKMARK [3][-]{subsubsection.4.1.2}{\376\377\000M\000i\000c\000r\000o\000s\000e\000r\000v\000i\000c\000i\000u\000l\000\040\000d\000e\000\040\000i\000n\000t\000e\000l\000i\000g\000e\000n\002\033\001\003\000\040\000a\000r\000t\000i\000f\000i\000c\000i\000a\000l\001\003}{subsection.4.1}% 54
\BOOKMARK [3][-]{subsubsection.4.1.3}{\376\377\000C\000o\000m\000u\000n\000i\000c\000a\000r\000e\000a\000\040\000\356\000n\000t\000r\000e\000\040\000c\000o\000m\000p\000o\000n\000e\000n\000t\000e}{subsection.4.1}% 55
\BOOKMARK [3][-]{subsubsection.4.1.4}{\376\377\000M\000o\000d\000e\000l